Determining if the pthread_create exist failed with the following output:
Change Dir: /home/yang/ar_go_ws/build/ocam_publisher/CMakeFiles/CMakeTmp

Run Build Command:"/usr/bin/make" "cmTC_7fd0d/fast"
/usr/bin/make -f CMakeFiles/cmTC_7fd0d.dir/build.make CMakeFiles/cmTC_7fd0d.dir/build
make[1]: Entering directory '/home/yang/ar_go_ws/build/ocam_publisher/CMakeFiles/CMakeTmp'
Building C object CMakeFiles/cmTC_7fd0d.dir/CheckSymbolExists.c.o
/usr/bin/cc     -o CMakeFiles/cmTC_7fd0d.dir/CheckSymbolExists.c.o   -c /home/yang/ar_go_ws/build/ocam_publisher/CMakeFiles/CMakeTmp/CheckSymbolExists.c
Linking C executable cmTC_7fd0d
/usr/bin/cmake -E cmake_link_script CMakeFiles/cmTC_7fd0d.dir/link.txt --verbose=1
/usr/bin/cc       CMakeFiles/cmTC_7fd0d.dir/CheckSymbolExists.c.o  -o cmTC_7fd0d -rdynamic 
CMakeFiles/cmTC_7fd0d.dir/CheckSymbolExists.c.o: In function `main':
CheckSymbolExists.c:(.text+0x16): undefined reference to `pthread_create'
collect2: error: ld returned 1 exit status
CMakeFiles/cmTC_7fd0d.dir/build.make:97: recipe for target 'cmTC_7fd0d' failed
make[1]: *** [cmTC_7fd0d] Error 1
make[1]: Leaving directory '/home/yang/ar_go_ws/build/ocam_publisher/CMakeFiles/CMakeTmp'
Makefile:126: recipe for target 'cmTC_7fd0d/fast' failed
make: *** [cmTC_7fd0d/fast] Error 2

File /home/yang/ar_go_ws/build/ocam_publisher/CMakeFiles/CMakeTmp/CheckSymbolExists.c:
/* */
#include <pthread.h>

int main(int argc, char** argv)
{
  (void)argv;
#ifndef pthread_create
  return ((int*)(&pthread_create))[argc];
#else
  (void)argc;
  return 0;
#endif
}

Determining if the function pthread_create exists in the pthreads failed with the following output:
Change Dir: /home/yang/ar_go_ws/build/ocam_publisher/CMakeFiles/CMakeTmp

Run Build Command:"/usr/bin/make" "cmTC_e1dbe/fast"
/usr/bin/make -f CMakeFiles/cmTC_e1dbe.dir/build.make CMakeFiles/cmTC_e1dbe.dir/build
make[1]: Entering directory '/home/yang/ar_go_ws/build/ocam_publisher/CMakeFiles/CMakeTmp'
Building C object CMakeFiles/cmTC_e1dbe.dir/CheckFunctionExists.c.o
/usr/bin/cc    -DCHECK_FUNCTION_EXISTS=pthread_create   -o CMakeFiles/cmTC_e1dbe.dir/CheckFunctionExists.c.o   -c /usr/share/cmake-3.5/Modules/CheckFunctionExists.c
Linking C executable cmTC_e1dbe
/usr/bin/cmake -E cmake_link_script CMakeFiles/cmTC_e1dbe.dir/link.txt --verbose=1
/usr/bin/cc   -DCHECK_FUNCTION_EXISTS=pthread_create    CMakeFiles/cmTC_e1dbe.dir/CheckFunctionExists.c.o  -o cmTC_e1dbe -rdynamic -lpthreads 
/usr/bin/ld: cannot find -lpthreads
collect2: error: ld returned 1 exit status
CMakeFiles/cmTC_e1dbe.dir/build.make:97: recipe for target 'cmTC_e1dbe' failed
make[1]: *** [cmTC_e1dbe] Error 1
make[1]: Leaving directory '/home/yang/ar_go_ws/build/ocam_publisher/CMakeFiles/CMakeTmp'
Makefile:126: recipe for target 'cmTC_e1dbe/fast' failed
make: *** [cmTC_e1dbe/fast] Error 2


