Determining if the pthread_create exist failed with the following output:
Change Dir: /home/yang/ar_go_ws/build/stop_sign_detector/CMakeFiles/CMakeTmp

Run Build Command:"/usr/bin/make" "cmTC_10444/fast"
/usr/bin/make -f CMakeFiles/cmTC_10444.dir/build.make CMakeFiles/cmTC_10444.dir/build
make[1]: Entering directory '/home/yang/ar_go_ws/build/stop_sign_detector/CMakeFiles/CMakeTmp'
Building C object CMakeFiles/cmTC_10444.dir/CheckSymbolExists.c.o
/usr/bin/cc     -o CMakeFiles/cmTC_10444.dir/CheckSymbolExists.c.o   -c /home/yang/ar_go_ws/build/stop_sign_detector/CMakeFiles/CMakeTmp/CheckSymbolExists.c
Linking C executable cmTC_10444
/usr/bin/cmake -E cmake_link_script CMakeFiles/cmTC_10444.dir/link.txt --verbose=1
/usr/bin/cc       CMakeFiles/cmTC_10444.dir/CheckSymbolExists.c.o  -o cmTC_10444 -rdynamic 
CMakeFiles/cmTC_10444.dir/CheckSymbolExists.c.o: In function `main':
CheckSymbolExists.c:(.text+0x16): undefined reference to `pthread_create'
collect2: error: ld returned 1 exit status
CMakeFiles/cmTC_10444.dir/build.make:97: recipe for target 'cmTC_10444' failed
make[1]: *** [cmTC_10444] Error 1
make[1]: Leaving directory '/home/yang/ar_go_ws/build/stop_sign_detector/CMakeFiles/CMakeTmp'
Makefile:126: recipe for target 'cmTC_10444/fast' failed
make: *** [cmTC_10444/fast] Error 2

File /home/yang/ar_go_ws/build/stop_sign_detector/CMakeFiles/CMakeTmp/CheckSymbolExists.c:
/* */
#include <pthread.h>

int main(int argc, char** argv)
{
  (void)argv;
#ifndef pthread_create
  return ((int*)(&pthread_create))[argc];
#else
  (void)argc;
  return 0;
#endif
}

Determining if the function pthread_create exists in the pthreads failed with the following output:
Change Dir: /home/yang/ar_go_ws/build/stop_sign_detector/CMakeFiles/CMakeTmp

Run Build Command:"/usr/bin/make" "cmTC_ef53d/fast"
/usr/bin/make -f CMakeFiles/cmTC_ef53d.dir/build.make CMakeFiles/cmTC_ef53d.dir/build
make[1]: Entering directory '/home/yang/ar_go_ws/build/stop_sign_detector/CMakeFiles/CMakeTmp'
Building C object CMakeFiles/cmTC_ef53d.dir/CheckFunctionExists.c.o
/usr/bin/cc    -DCHECK_FUNCTION_EXISTS=pthread_create   -o CMakeFiles/cmTC_ef53d.dir/CheckFunctionExists.c.o   -c /usr/share/cmake-3.5/Modules/CheckFunctionExists.c
Linking C executable cmTC_ef53d
/usr/bin/cmake -E cmake_link_script CMakeFiles/cmTC_ef53d.dir/link.txt --verbose=1
/usr/bin/cc   -DCHECK_FUNCTION_EXISTS=pthread_create    CMakeFiles/cmTC_ef53d.dir/CheckFunctionExists.c.o  -o cmTC_ef53d -rdynamic -lpthreads 
/usr/bin/ld: cannot find -lpthreads
collect2: error: ld returned 1 exit status
CMakeFiles/cmTC_ef53d.dir/build.make:97: recipe for target 'cmTC_ef53d' failed
make[1]: *** [cmTC_ef53d] Error 1
make[1]: Leaving directory '/home/yang/ar_go_ws/build/stop_sign_detector/CMakeFiles/CMakeTmp'
Makefile:126: recipe for target 'cmTC_ef53d/fast' failed
make: *** [cmTC_ef53d/fast] Error 2


